This file contains any messages produced by compilers while
running configure, to aid debugging if configure makes a mistake.

It was created by eupnp configure 0.0.0.1, which was
generated by GNU Autoconf 2.63.  Invocation command line was

  $ ./configure 

## --------- ##
## Platform. ##
## --------- ##

hostname = dieb
uname -m = i686
uname -r = 2.6.28-11-generic
uname -s = Linux
uname -v = #42-Ubuntu SMP Fri Apr 17 01:57:59 UTC 2009

/usr/bin/uname -p = unknown
/bin/uname -X     = unknown

/bin/arch              = unknown
/usr/bin/arch -k       = unknown
/usr/convex/getsysinfo = unknown
/usr/bin/hostinfo      = unknown
/bin/machine           = unknown
/usr/bin/oslevel       = unknown
/bin/universe          = unknown

PATH: /usr/local/sbin
PATH: /usr/local/bin
PATH: /usr/sbin
PATH: /usr/bin
PATH: /sbin
PATH: /bin
PATH: /usr/games
PATH: /opt/real/RealPlayer


## ----------- ##
## Core tests. ##
## ----------- ##

configure:2068: checking build system type
configure:2086: result: i686-pc-linux-gnu
configure:2108: checking host system type
configure:2123: result: i686-pc-linux-gnu
configure:2193: checking for gcc
configure:2209: found /usr/bin/gcc
configure:2220: result: gcc
configure:2452: checking for C compiler version
configure:2460: gcc --version >&5
gcc (Ubuntu 4.3.3-5ubuntu4) 4.3.3
Copyright (C) 2008 Free Software Foundation, Inc.
This is free software; see the source for copying conditions.  There is NO
warranty; not even for MERCHANTABILITY or FITNESS FOR A PARTICULAR PURPOSE.

configure:2464: $? = 0
configure:2471: gcc -v >&5
Using built-in specs.
Target: i486-linux-gnu
Configured with: ../src/configure -v --with-pkgversion='Ubuntu 4.3.3-5ubuntu4' --with-bugurl=file:///usr/share/doc/gcc-4.3/README.Bugs --enable-languages=c,c++,fortran,objc,obj-c++ --prefix=/usr --enable-shared --with-system-zlib --libexecdir=/usr/lib --without-included-gettext --enable-threads=posix --enable-nls --with-gxx-include-dir=/usr/include/c++/4.3 --program-suffix=-4.3 --enable-clocale=gnu --enable-libstdcxx-debug --enable-objc-gc --enable-mpfr --enable-targets=all --with-tune=generic --enable-checking=release --build=i486-linux-gnu --host=i486-linux-gnu --target=i486-linux-gnu
Thread model: posix
gcc version 4.3.3 (Ubuntu 4.3.3-5ubuntu4) 
configure:2475: $? = 0
configure:2482: gcc -V >&5
gcc: '-V' option must have argument
configure:2486: $? = 1
configure:2509: checking for C compiler default output file name
configure:2531: gcc    conftest.c  >&5
configure:2535: $? = 0
configure:2573: result: a.out
configure:2592: checking whether the C compiler works
configure:2602: ./a.out
configure:2606: $? = 0
configure:2625: result: yes
configure:2632: checking whether we are cross compiling
configure:2634: result: no
configure:2637: checking for suffix of executables
configure:2644: gcc -o conftest    conftest.c  >&5
configure:2648: $? = 0
configure:2674: result: 
configure:2680: checking for suffix of object files
configure:2706: gcc -c   conftest.c >&5
configure:2710: $? = 0
configure:2735: result: o
configure:2739: checking whether we are using the GNU C compiler
configure:2768: gcc -c   conftest.c >&5
configure:2775: $? = 0
configure:2792: result: yes
configure:2801: checking whether gcc accepts -g
configure:2831: gcc -c -g  conftest.c >&5
configure:2838: $? = 0
configure:2939: result: yes
configure:2956: checking for gcc option to accept ISO C89
configure:3030: gcc  -c -g -O2  conftest.c >&5
configure:3037: $? = 0
configure:3060: result: none needed
configure:3079: checking for library containing strerror
configure:3120: gcc -o conftest -g -O2   conftest.c  >&5
configure:3127: $? = 0
configure:3158: result: none required
configure:3183: checking for a BSD-compatible install
configure:3251: result: /usr/bin/install -c
configure:3262: checking whether build environment is sane
configure:3305: result: yes
configure:3330: checking for a thread-safe mkdir -p
configure:3369: result: /bin/mkdir -p
configure:3382: checking for gawk
configure:3412: result: no
configure:3382: checking for mawk
configure:3398: found /usr/bin/mawk
configure:3409: result: mawk
configure:3420: checking whether make sets $(MAKE)
configure:3442: result: yes
configure:3472: checking for style of include used by make
configure:3500: result: GNU
configure:3689: checking dependency style of gcc
configure:3780: result: gcc3
configure:3849: checking for gcc
configure:3876: result: gcc
configure:4108: checking for C compiler version
configure:4116: gcc --version >&5
gcc (Ubuntu 4.3.3-5ubuntu4) 4.3.3
Copyright (C) 2008 Free Software Foundation, Inc.
This is free software; see the source for copying conditions.  There is NO
warranty; not even for MERCHANTABILITY or FITNESS FOR A PARTICULAR PURPOSE.

configure:4120: $? = 0
configure:4127: gcc -v >&5
Using built-in specs.
Target: i486-linux-gnu
Configured with: ../src/configure -v --with-pkgversion='Ubuntu 4.3.3-5ubuntu4' --with-bugurl=file:///usr/share/doc/gcc-4.3/README.Bugs --enable-languages=c,c++,fortran,objc,obj-c++ --prefix=/usr --enable-shared --with-system-zlib --libexecdir=/usr/lib --without-included-gettext --enable-threads=posix --enable-nls --with-gxx-include-dir=/usr/include/c++/4.3 --program-suffix=-4.3 --enable-clocale=gnu --enable-libstdcxx-debug --enable-objc-gc --enable-mpfr --enable-targets=all --with-tune=generic --enable-checking=release --build=i486-linux-gnu --host=i486-linux-gnu --target=i486-linux-gnu
Thread model: posix
gcc version 4.3.3 (Ubuntu 4.3.3-5ubuntu4) 
configure:4131: $? = 0
configure:4138: gcc -V >&5
gcc: '-V' option must have argument
configure:4142: $? = 1
configure:4145: checking whether we are using the GNU C compiler
configure:4198: result: yes
configure:4207: checking whether gcc accepts -g
configure:4345: result: yes
configure:4362: checking for gcc option to accept ISO C89
configure:4466: result: none needed
configure:4532: checking for gcc
configure:4559: result: gcc
configure:4791: checking for C compiler version
configure:4799: gcc --version >&5
gcc (Ubuntu 4.3.3-5ubuntu4) 4.3.3
Copyright (C) 2008 Free Software Foundation, Inc.
This is free software; see the source for copying conditions.  There is NO
warranty; not even for MERCHANTABILITY or FITNESS FOR A PARTICULAR PURPOSE.

configure:4803: $? = 0
configure:4810: gcc -v >&5
Using built-in specs.
Target: i486-linux-gnu
Configured with: ../src/configure -v --with-pkgversion='Ubuntu 4.3.3-5ubuntu4' --with-bugurl=file:///usr/share/doc/gcc-4.3/README.Bugs --enable-languages=c,c++,fortran,objc,obj-c++ --prefix=/usr --enable-shared --with-system-zlib --libexecdir=/usr/lib --without-included-gettext --enable-threads=posix --enable-nls --with-gxx-include-dir=/usr/include/c++/4.3 --program-suffix=-4.3 --enable-clocale=gnu --enable-libstdcxx-debug --enable-objc-gc --enable-mpfr --enable-targets=all --with-tune=generic --enable-checking=release --build=i486-linux-gnu --host=i486-linux-gnu --target=i486-linux-gnu
Thread model: posix
gcc version 4.3.3 (Ubuntu 4.3.3-5ubuntu4) 
configure:4814: $? = 0
configure:4821: gcc -V >&5
gcc: '-V' option must have argument
configure:4825: $? = 1
configure:4828: checking whether we are using the GNU C compiler
configure:4881: result: yes
configure:4890: checking whether gcc accepts -g
configure:5028: result: yes
configure:5045: checking for gcc option to accept ISO C89
configure:5149: result: none needed
configure:5171: checking whether gcc and cc understand -c and -o together
configure:5206: gcc -c conftest.c -o conftest2.o >&5
configure:5210: $? = 0
configure:5216: gcc -c conftest.c -o conftest2.o >&5
configure:5220: $? = 0
configure:5231: cc -c conftest.c >&5
configure:5235: $? = 0
configure:5243: cc -c conftest.c -o conftest2.o >&5
configure:5247: $? = 0
configure:5253: cc -c conftest.c -o conftest2.o >&5
configure:5257: $? = 0
configure:5275: result: yes
configure:5307: checking how to run the C preprocessor
configure:5347: gcc -E  conftest.c
configure:5354: $? = 0
configure:5385: gcc -E  conftest.c
conftest.c:10:28: error: ac_nonexistent.h: No such file or directory
configure:5392: $? = 1
configure: failed program was:
| /* confdefs.h.  */
| #define PACKAGE_NAME "eupnp"
| #define PACKAGE_TARNAME "eupnp"
| #define PACKAGE_VERSION "0.0.0.1"
| #define PACKAGE_STRING "eupnp 0.0.0.1"
| #define PACKAGE_BUGREPORT "andre.dieb@gmail.com"
| #define PACKAGE "eupnp"
| #define VERSION "0.0.0.1"
| /* end confdefs.h.  */
| #include <ac_nonexistent.h>
configure:5425: result: gcc -E
configure:5454: gcc -E  conftest.c
configure:5461: $? = 0
configure:5492: gcc -E  conftest.c
conftest.c:10:28: error: ac_nonexistent.h: No such file or directory
configure:5499: $? = 1
configure: failed program was:
| /* confdefs.h.  */
| #define PACKAGE_NAME "eupnp"
| #define PACKAGE_TARNAME "eupnp"
| #define PACKAGE_VERSION "0.0.0.1"
| #define PACKAGE_STRING "eupnp 0.0.0.1"
| #define PACKAGE_BUGREPORT "andre.dieb@gmail.com"
| #define PACKAGE "eupnp"
| #define VERSION "0.0.0.1"
| /* end confdefs.h.  */
| #include <ac_nonexistent.h>
configure:5539: checking for grep that handles long lines and -e
configure:5599: result: /bin/grep
configure:5604: checking for egrep
configure:5668: result: /bin/grep -E
configure:5673: checking for ANSI C header files
configure:5703: gcc -c -g -O2  conftest.c >&5
configure:5710: $? = 0
configure:5809: gcc -o conftest -g -O2   conftest.c  >&5
configure:5813: $? = 0
configure:5819: ./conftest
configure:5823: $? = 0
configure:5841: result: yes
configure:5851: checking for an ANSI C-conforming const
configure:5926: gcc -c -g -O2  conftest.c >&5
configure:5933: $? = 0
configure:5948: result: yes
configure:5984: checking for a sed that does not truncate output
configure:6050: result: /bin/sed
configure:6068: checking for fgrep
configure:6132: result: /bin/grep -F
configure:6167: checking for ld used by gcc
configure:6234: result: /usr/bin/ld
configure:6243: checking if the linker (/usr/bin/ld) is GNU ld
configure:6258: result: yes
configure:6270: checking for BSD- or MS-compatible name lister (nm)
configure:6319: result: /usr/bin/nm -B
configure:6437: checking the name lister (/usr/bin/nm -B) interface
configure:6444: gcc -c -g -O2  conftest.c >&5
configure:6447: /usr/bin/nm -B "conftest.o"
configure:6450: output
00000000 B some_variable
configure:6457: result: BSD nm
configure:6460: checking whether ln -s works
configure:6464: result: yes
configure:6472: checking the maximum length of command line arguments
configure:6592: result: 1572864
configure:6609: checking whether the shell understands some XSI constructs
configure:6619: result: yes
configure:6623: checking whether the shell understands "+="
configure:6629: result: yes
configure:6664: checking for /usr/bin/ld option to reload object files
configure:6671: result: -r
configure:6740: checking for objdump
configure:6756: found /usr/bin/objdump
configure:6767: result: objdump
configure:6799: checking how to recognize dependent libraries
configure:6995: result: pass_all
configure:7055: checking for ar
configure:7071: found /usr/bin/ar
configure:7082: result: ar
configure:7160: checking for strip
configure:7176: found /usr/bin/strip
configure:7187: result: strip
configure:7259: checking for ranlib
configure:7275: found /usr/bin/ranlib
configure:7286: result: ranlib
configure:7376: checking command to parse /usr/bin/nm -B output from gcc object
configure:7494: gcc -c -g -O2  conftest.c >&5
configure:7497: $? = 0
configure:7501: /usr/bin/nm -B conftest.o \| sed -n -e 's/^.*[	 ]\([ABCDGIRSTW][ABCDGIRSTW]*\)[	 ][	 ]*\([_A-Za-z][_A-Za-z0-9]*\)$/\1 \2 \2/p' \> conftest.nm
configure:7504: $? = 0
configure:7558: gcc -o conftest -g -O2   conftest.c conftstm.o >&5
configure:7561: $? = 0
configure:7599: result: ok
configure:8474: checking for sys/types.h
configure:8495: gcc -c -g -O2  conftest.c >&5
configure:8502: $? = 0
configure:8519: result: yes
configure:8474: checking for sys/stat.h
configure:8495: gcc -c -g -O2  conftest.c >&5
configure:8502: $? = 0
configure:8519: result: yes
configure:8474: checking for stdlib.h
configure:8495: gcc -c -g -O2  conftest.c >&5
configure:8502: $? = 0
configure:8519: result: yes
configure:8474: checking for string.h
configure:8495: gcc -c -g -O2  conftest.c >&5
configure:8502: $? = 0
configure:8519: result: yes
configure:8474: checking for memory.h
configure:8495: gcc -c -g -O2  conftest.c >&5
configure:8502: $? = 0
configure:8519: result: yes
configure:8474: checking for strings.h
configure:8495: gcc -c -g -O2  conftest.c >&5
configure:8502: $? = 0
configure:8519: result: yes
configure:8474: checking for inttypes.h
configure:8495: gcc -c -g -O2  conftest.c >&5
configure:8502: $? = 0
configure:8519: result: yes
configure:8474: checking for stdint.h
configure:8495: gcc -c -g -O2  conftest.c >&5
configure:8502: $? = 0
configure:8519: result: yes
configure:8474: checking for unistd.h
configure:8495: gcc -c -g -O2  conftest.c >&5
configure:8502: $? = 0
configure:8519: result: yes
configure:8537: checking for dlfcn.h
configure:8558: gcc -c -g -O2  conftest.c >&5
configure:8565: $? = 0
configure:8582: result: yes
configure:8768: checking for objdir
configure:8783: result: .libs
configure:9075: checking if gcc supports -fno-rtti -fno-exceptions
configure:9093: gcc -c -g -O2  -fno-rtti -fno-exceptions conftest.c >&5
cc1: warning: command line option "-fno-rtti" is valid for C++/ObjC++ but not for C
configure:9097: $? = 0
configure:9110: result: no
configure:9130: checking for gcc option to produce PIC
configure:9402: result: -fPIC -DPIC
configure:9414: checking if gcc PIC flag -fPIC -DPIC works
configure:9432: gcc -c -g -O2  -fPIC -DPIC -DPIC conftest.c >&5
configure:9436: $? = 0
configure:9449: result: yes
configure:9473: checking if gcc static flag -static works
configure:9501: result: yes
configure:9516: checking if gcc supports -c -o file.o
configure:9537: gcc -c -g -O2  -o out/conftest2.o conftest.c >&5
configure:9541: $? = 0
configure:9563: result: yes
configure:9571: checking if gcc supports -c -o file.o
configure:9618: result: yes
configure:9651: checking whether the gcc linker (/usr/bin/ld) supports shared libraries
configure:10726: result: yes
configure:10763: checking whether -lc should be explicitly linked in
configure:10768: gcc -c -g -O2  conftest.c >&5
configure:10771: $? = 0
configure:10786: gcc -shared conftest.o  -v -Wl,-soname -Wl,conftest -o conftest 2\>\&1 \| /bin/grep  -lc  \>/dev/null 2\>\&1
configure:10789: $? = 0
configure:10801: result: no
configure:10965: checking dynamic linker characteristics
configure:11408: gcc -o conftest -g -O2   -Wl,-rpath -Wl,/foo conftest.c  >&5
configure:11415: $? = 0
configure:11660: result: GNU/Linux ld.so
configure:11762: checking how to hardcode library paths into programs
configure:11787: result: immediate
configure:12620: checking whether stripping libraries is possible
configure:12625: result: yes
configure:12660: checking if libtool supports shared libraries
configure:12662: result: yes
configure:12665: checking whether to build shared libraries
configure:12686: result: yes
configure:12689: checking whether to build static libraries
configure:12693: result: yes
configure:12740: checking for realpath
configure:12796: gcc -o conftest -g -O2   conftest.c  >&5
configure:12803: $? = 0
configure:12825: result: yes
configure:12888: checking for pkg-config
configure:12906: found /usr/bin/pkg-config
configure:12918: result: /usr/bin/pkg-config
configure:12943: checking pkg-config is at least version 0.9.0
configure:12946: result: yes
configure:12957: checking for EINA
configure:12965: $PKG_CONFIG --exists --print-errors "eina-0"
configure:12968: $? = 0
configure:12983: $PKG_CONFIG --exists --print-errors "eina-0"
configure:12986: $? = 0
configure:13064: result: yes
configure:13187: creating ./config.status

## ---------------------- ##
## Running config.status. ##
## ---------------------- ##

This file was extended by eupnp config.status 0.0.0.1, which was
generated by GNU Autoconf 2.63.  Invocation command line was

  CONFIG_FILES    = 
  CONFIG_HEADERS  = 
  CONFIG_LINKS    = 
  CONFIG_COMMANDS = 
  $ ./config.status 

on dieb

config.status:991: creating eupnp.pc
config.status:991: creating Makefile
config.status:991: creating src/Makefile
config.status:991: creating src/bin/Makefile
config.status:991: creating src/lib/Makefile
config.status:991: creating config.h
config.status:1213: config.h is unchanged
config.status:1265: executing depfiles commands
config.status:1265: executing libtool commands

## ---------------- ##
## Cache variables. ##
## ---------------- ##

ac_cv_build=i686-pc-linux-gnu
ac_cv_c_compiler_gnu=yes
ac_cv_c_const=yes
ac_cv_env_CC_set=
ac_cv_env_CC_value=
ac_cv_env_CFLAGS_set=
ac_cv_env_CFLAGS_value=
ac_cv_env_CPPFLAGS_set=
ac_cv_env_CPPFLAGS_value=
ac_cv_env_CPP_set=
ac_cv_env_CPP_value=
ac_cv_env_EINA_CFLAGS_set=
ac_cv_env_EINA_CFLAGS_value=
ac_cv_env_EINA_LIBS_set=
ac_cv_env_EINA_LIBS_value=
ac_cv_env_LDFLAGS_set=
ac_cv_env_LDFLAGS_value=
ac_cv_env_LIBS_set=
ac_cv_env_LIBS_value=
ac_cv_env_PKG_CONFIG_set=
ac_cv_env_PKG_CONFIG_value=
ac_cv_env_build_alias_set=
ac_cv_env_build_alias_value=
ac_cv_env_host_alias_set=
ac_cv_env_host_alias_value=
ac_cv_env_target_alias_set=
ac_cv_env_target_alias_value=
ac_cv_func_realpath=yes
ac_cv_header_dlfcn_h=yes
ac_cv_header_inttypes_h=yes
ac_cv_header_memory_h=yes
ac_cv_header_stdc=yes
ac_cv_header_stdint_h=yes
ac_cv_header_stdlib_h=yes
ac_cv_header_string_h=yes
ac_cv_header_strings_h=yes
ac_cv_header_sys_stat_h=yes
ac_cv_header_sys_types_h=yes
ac_cv_header_unistd_h=yes
ac_cv_host=i686-pc-linux-gnu
ac_cv_objext=o
ac_cv_path_EGREP='/bin/grep -E'
ac_cv_path_FGREP='/bin/grep -F'
ac_cv_path_GREP=/bin/grep
ac_cv_path_SED=/bin/sed
ac_cv_path_ac_pt_PKG_CONFIG=/usr/bin/pkg-config
ac_cv_path_install='/usr/bin/install -c'
ac_cv_path_mkdir=/bin/mkdir
ac_cv_prog_AWK=mawk
ac_cv_prog_CPP='gcc -E'
ac_cv_prog_ac_ct_AR=ar
ac_cv_prog_ac_ct_CC=gcc
ac_cv_prog_ac_ct_OBJDUMP=objdump
ac_cv_prog_ac_ct_RANLIB=ranlib
ac_cv_prog_ac_ct_STRIP=strip
ac_cv_prog_cc_c89=
ac_cv_prog_cc_g=yes
ac_cv_prog_cc_gcc_c_o=yes
ac_cv_prog_make_make_set=yes
ac_cv_search_strerror='none required'
am_cv_CC_dependencies_compiler_type=gcc3
am_cv_prog_cc_stdc=
lt_cv_deplibs_check_method=pass_all
lt_cv_file_magic_cmd='$MAGIC_CMD'
lt_cv_file_magic_test_file=
lt_cv_ld_reload_flag=-r
lt_cv_nm_interface='BSD nm'
lt_cv_objdir=.libs
lt_cv_path_LD=/usr/bin/ld
lt_cv_path_NM='/usr/bin/nm -B'
lt_cv_prog_compiler_c_o=yes
lt_cv_prog_compiler_pic_works=yes
lt_cv_prog_compiler_rtti_exceptions=no
lt_cv_prog_compiler_static_works=yes
lt_cv_prog_gnu_ld=yes
lt_cv_sys_global_symbol_pipe='sed -n -e '\''s/^.*[	 ]\([ABCDGIRSTW][ABCDGIRSTW]*\)[	 ][	 ]*\([_A-Za-z][_A-Za-z0-9]*\)$/\1 \2 \2/p'\'''
lt_cv_sys_global_symbol_to_c_name_address='sed -n -e '\''s/^: \([^ ]*\) $/  {\"\1\", (void *) 0},/p'\'' -e '\''s/^[ABCDGIRSTW]* \([^ ]*\) \([^ ]*\)$/  {"\2", (void *) \&\2},/p'\'''
lt_cv_sys_global_symbol_to_c_name_address_lib_prefix='sed -n -e '\''s/^: \([^ ]*\) $/  {\"\1\", (void *) 0},/p'\'' -e '\''s/^[ABCDGIRSTW]* \([^ ]*\) \(lib[^ ]*\)$/  {"\2", (void *) \&\2},/p'\'' -e '\''s/^[ABCDGIRSTW]* \([^ ]*\) \([^ ]*\)$/  {"lib\2", (void *) \&\2},/p'\'''
lt_cv_sys_global_symbol_to_cdecl='sed -n -e '\''s/^T .* \(.*\)$/extern int \1();/p'\'' -e '\''s/^[ABCDGIRSTW]* .* \(.*\)$/extern char \1;/p'\'''
lt_cv_sys_max_cmd_len=1572864
pkg_cv_EINA_CFLAGS='-I/usr/local/include/eina-0 -I/usr/local/include/eina-0/eina  '
pkg_cv_EINA_LIBS='-L/usr/local/lib -leina  '

## ----------------- ##
## Output variables. ##
## ----------------- ##

ACLOCAL='${SHELL} /home/dieb/projects/eupnp/missing --run aclocal-1.10'
ACLOCAL_AMFLAGS='-I m4'
AMDEPBACKSLASH='\'
AMDEP_FALSE='#'
AMDEP_TRUE=''
AMTAR='${SHELL} /home/dieb/projects/eupnp/missing --run tar'
AR='ar'
AUTOCONF='${SHELL} /home/dieb/projects/eupnp/missing --run autoconf'
AUTOHEADER='${SHELL} /home/dieb/projects/eupnp/missing --run autoheader'
AUTOMAKE='${SHELL} /home/dieb/projects/eupnp/missing --run automake-1.10'
AWK='mawk'
CC='gcc'
CCDEPMODE='depmode=gcc3'
CFLAGS='-g -O2'
CPP='gcc -E'
CPPFLAGS=''
CYGPATH_W='echo'
DEFS='-DHAVE_CONFIG_H'
DEPDIR='.deps'
DSYMUTIL=''
DUMPBIN=''
ECHO_C=''
ECHO_N='-n'
ECHO_T=''
EGREP='/bin/grep -E'
EINA_CFLAGS='-I/usr/local/include/eina-0 -I/usr/local/include/eina-0/eina  '
EINA_LIBS='-L/usr/local/lib -leina  '
EXEEXT=''
FGREP='/bin/grep -F'
GREP='/bin/grep'
INSTALL_DATA='${INSTALL} -m 644'
INSTALL_PROGRAM='${INSTALL}'
INSTALL_SCRIPT='${INSTALL}'
INSTALL_STRIP_PROGRAM='$(install_sh) -c -s'
LD='/usr/bin/ld'
LDFLAGS=''
LIBOBJS=''
LIBS=''
LIBTOOL='$(SHELL) $(top_builddir)/libtool'
LIPO=''
LN_S='ln -s'
LTLIBOBJS=''
MAKEINFO='${SHELL} /home/dieb/projects/eupnp/missing --run makeinfo'
MKDIR_P='/bin/mkdir -p'
NM='/usr/bin/nm -B'
NMEDIT=''
OBJDUMP='objdump'
OBJEXT='o'
OTOOL64=''
OTOOL=''
PACKAGE='eupnp'
PACKAGE_BUGREPORT='andre.dieb@gmail.com'
PACKAGE_NAME='eupnp'
PACKAGE_STRING='eupnp 0.0.0.1'
PACKAGE_TARNAME='eupnp'
PACKAGE_VERSION='0.0.0.1'
PATH_SEPARATOR=':'
PKG_CONFIG='/usr/bin/pkg-config'
RANLIB='ranlib'
SED='/bin/sed'
SET_MAKE=''
SHELL='/bin/bash'
STRIP='strip'
VERSION='0.0.0.1'
ac_ct_CC='gcc'
ac_ct_DUMPBIN=''
am__fastdepCC_FALSE='#'
am__fastdepCC_TRUE=''
am__include='include'
am__isrc=''
am__leading_dot='.'
am__quote=''
am__tar='${AMTAR} chof - "$$tardir"'
am__untar='${AMTAR} xf -'
bindir='${exec_prefix}/bin'
build='i686-pc-linux-gnu'
build_alias=''
build_cpu='i686'
build_os='linux-gnu'
build_vendor='pc'
datadir='${datarootdir}'
datarootdir='${prefix}/share'
docdir='${datarootdir}/doc/${PACKAGE_TARNAME}'
dvidir='${docdir}'
exec_prefix='${prefix}'
host='i686-pc-linux-gnu'
host_alias=''
host_cpu='i686'
host_os='linux-gnu'
host_vendor='pc'
htmldir='${docdir}'
includedir='${prefix}/include'
infodir='${datarootdir}/info'
install_sh='$(SHELL) /home/dieb/projects/eupnp/install-sh'
libdir='${exec_prefix}/lib'
libexecdir='${exec_prefix}/libexec'
localedir='${datarootdir}/locale'
localstatedir='${prefix}/var'
lt_ECHO='echo'
mandir='${datarootdir}/man'
mkdir_p='/bin/mkdir -p'
oldincludedir='/usr/include'
pdfdir='${docdir}'
prefix='/usr/local'
program_transform_name='s,x,x,'
psdir='${docdir}'
sbindir='${exec_prefix}/sbin'
sharedstatedir='${prefix}/com'
sysconfdir='${prefix}/etc'
target_alias=''
version_info='0:0:0'

## ----------- ##
## confdefs.h. ##
## ----------- ##

#define PACKAGE_NAME "eupnp"
#define PACKAGE_TARNAME "eupnp"
#define PACKAGE_VERSION "0.0.0.1"
#define PACKAGE_STRING "eupnp 0.0.0.1"
#define PACKAGE_BUGREPORT "andre.dieb@gmail.com"
#define PACKAGE "eupnp"
#define VERSION "0.0.0.1"
#define STDC_HEADERS 1
#define HAVE_SYS_TYPES_H 1
#define HAVE_SYS_STAT_H 1
#define HAVE_STDLIB_H 1
#define HAVE_STRING_H 1
#define HAVE_MEMORY_H 1
#define HAVE_STRINGS_H 1
#define HAVE_INTTYPES_H 1
#define HAVE_STDINT_H 1
#define HAVE_UNISTD_H 1
#define HAVE_DLFCN_H 1
#define LT_OBJDIR ".libs/"
#define HAVE_REALPATH 1

configure: exit 0

## ---------------------- ##
## Running config.status. ##
## ---------------------- ##

This file was extended by eupnp config.status 0.0.0.1, which was
generated by GNU Autoconf 2.63.  Invocation command line was

  CONFIG_FILES    = 
  CONFIG_HEADERS  = 
  CONFIG_LINKS    = 
  CONFIG_COMMANDS = 
  $ ./config.status config.h

on dieb

config.status:991: creating config.h
config.status:1213: config.h is unchanged
